<?xml version="1.0" encoding="UTF-8"?>
<testng-results ignored="0" total="1" passed="1" failed="0" skipped="0">
  <reporter-output>
    <line>
      <![CDATA[running verify user id]]>
    </line>
    <line>
      <![CDATA[logout the application]]>
    </line>
    <line>
      <![CDATA[close the app]]>
    </line>
  </reporter-output>
  <suite started-at="2022-09-09T09:00:30 IST" name="Default suite" finished-at="2022-09-09T09:00:58 IST" duration-ms="28729">
    <groups>
    </groups>
    <test started-at="2022-09-09T09:00:30 IST" name="Default test" finished-at="2022-09-09T09:00:58 IST" duration-ms="28729">
      <class name="TestClass.KiteTest">
        <test-method is-config="true" signature="openBrowser()[pri:0, instance:TestClass.KiteTest@1e0b4072]" started-at="2022-09-09T09:00:30 IST" name="openBrowser" finished-at="2022-09-09T09:00:46 IST" duration-ms="16282" status="PASS">
          <reporter-output>
          </reporter-output>
        </test-method> <!-- openBrowser -->
        <test-method is-config="true" signature="loginToApp()[pri:0, instance:TestClass.KiteTest@1e0b4072]" started-at="2022-09-09T09:00:46 IST" name="loginToApp" finished-at="2022-09-09T09:00:56 IST" duration-ms="9741" status="PASS">
          <reporter-output>
          </reporter-output>
        </test-method> <!-- loginToApp -->
        <test-method signature="verifyuserID()[pri:0, instance:TestClass.KiteTest@1e0b4072]" started-at="2022-09-09T09:00:56 IST" name="verifyuserID" finished-at="2022-09-09T09:00:58 IST" duration-ms="2604" status="PASS">
          <reporter-output>
            <line>
              <![CDATA[running verify user id]]>
            </line>
          </reporter-output>
        </test-method> <!-- verifyuserID -->
        <test-method is-config="true" signature="logoutApp()[pri:0, instance:TestClass.KiteTest@1e0b4072]" started-at="2022-09-09T09:00:58 IST" name="logoutApp" finished-at="2022-09-09T09:00:58 IST" duration-ms="1" status="PASS">
          <reporter-output>
            <line>
              <![CDATA[logout the application]]>
            </line>
          </reporter-output>
        </test-method> <!-- logoutApp -->
        <test-method is-config="true" signature="closeBrowser()[pri:0, instance:TestClass.KiteTest@1e0b4072]" started-at="2022-09-09T09:00:58 IST" name="closeBrowser" finished-at="2022-09-09T09:00:58 IST" duration-ms="1" status="PASS">
          <reporter-output>
            <line>
              <![CDATA[close the app]]>
            </line>
          </reporter-output>
        </test-method> <!-- closeBrowser -->
      </class> <!-- TestClass.KiteTest -->
    </test> <!-- Default test -->
  </suite> <!-- Default suite -->
</testng-results>
